<?xml version="1.0" encoding="UTF-8"?>
<!-- Generated by org.testng.reporters.JUnitReportReporter -->
<testsuite skipped="0" hostname="DESKTOP-V8AL5TS" name="com.I_Net_Banking.TestCases.TC_AddCustomerTest_003" tests="1" failures="0" timestamp="2022-02-12T14:12:10 IST" time="23.188" errors="0">
  <testcase name="addNewCustomer" time="23.188" classname="com.I_Net_Banking.TestCases.TC_AddCustomerTest_003"/>
</testsuite> <!-- com.I_Net_Banking.TestCases.TC_AddCustomerTest_003 -->
