<?xml version="1.0" encoding="UTF-8"?>
<!-- Generated by org.testng.reporters.JUnitReportReporter -->
<testsuite skipped="0" hostname="DESKTOP-V8AL5TS" name="com.I_Net_Banking.TestCases.abc" tests="1" failures="0" timestamp="2022-02-08T15:50:08 IST" time="0.014" errors="0">
  <testcase name="f" time="0.014" classname="com.I_Net_Banking.TestCases.abc"/>
</testsuite> <!-- com.I_Net_Banking.TestCases.abc -->
