<?xml version="1.0" encoding="UTF-8"?>
<!-- Generated by org.testng.reporters.JUnitReportReporter -->
<testsuite skipped="0" hostname="DESKTOP-V8AL5TS" name="com.I_Net_Banking.TestCases.TC_LoginTest_001" tests="1" failures="0" timestamp="13 Feb 2022 09:34:31 GMT" time="6.790" errors="0">
  <testcase name="logintest" time="6.790" classname="com.I_Net_Banking.TestCases.TC_LoginTest_001"/>
</testsuite> <!-- com.I_Net_Banking.TestCases.TC_LoginTest_001 -->
